activitySwitching113/build/outputs/logs/manifest-merger-debug-report.txt
-- Merging decision tree log ---
manifest
ADDED from src/main/AndroidManifest.xml:2:1-119:12
	package
		ADDED from src/main/AndroidManifest.xml:3:5-40
		INJECTED from src/main/AndroidManifest.xml
		INJECTED from src/main/AndroidManifest.xml
	android:versionName
		ADDED from src/main/AndroidManifest.xml:5:5-31
	android:versionCode
		ADDED from src/main/AndroidManifest.xml:4:5-29
		INJECTED from src/main/AndroidManifest.xml
		INJECTED from src/main/AndroidManifest.xml
	xmlns:android
		ADDED from src/main/AndroidManifest.xml:2:11-69
application
ADDED from src/main/AndroidManifest.xml:7:5-82:19
	android:label
		ADDED from src/main/AndroidManifest.xml:10:9-41
	android:allowBackup
		ADDED from src/main/AndroidManifest.xml:8:9-35
	android:icon
		ADDED from src/main/AndroidManifest.xml:9:9-45
activity#org.wikispeedia.roadrage2.Activity1
ADDED from src/main/AndroidManifest.xml:12:9-20:20
	android:screenOrientation
		ADDED from src/main/AndroidManifest.xml:14:13-50
	android:label
		ADDED from src/main/AndroidManifest.xml:15:13-45
	android:name
		ADDED from src/main/AndroidManifest.xml:13:13-37
intent-filter#android.intent.action.MAIN+android.intent.category.LAUNCHER
ADDED from src/main/AndroidManifest.xml:16:13-19:29
action#android.intent.action.MAIN
ADDED from src/main/AndroidManifest.xml:17:17-69
	android:name
		ADDED from src/main/AndroidManifest.xml:17:25-66
category#android.intent.category.LAUNCHER
ADDED from src/main/AndroidManifest.xml:18:17-77
	android:name
		ADDED from src/main/AndroidManifest.xml:18:27-74
activity#mzx.chn.lanedetection.LaneDetectActivity
ADDED from src/main/AndroidManifest.xml:28:9-33:20
	android:screenOrientation
		ADDED from src/main/AndroidManifest.xml:31:19-56
	android:label
		ADDED from src/main/AndroidManifest.xml:30:19-51
	android:configChanges
		ADDED from src/main/AndroidManifest.xml:32:19-69
	android:theme
		ADDED from src/main/AndroidManifest.xml:29:13-71
	android:name
		ADDED from src/main/AndroidManifest.xml:28:19-74
activity#org.wikispeedia.zombiepro.Canvastutorial
ADDED from src/main/AndroidManifest.xml:36:9-40:20
	android:screenOrientation
		ADDED from src/main/AndroidManifest.xml:38:8-45
	android:label
		ADDED from src/main/AndroidManifest.xml:39:17-49
	android:configChanges
		ADDED from src/main/AndroidManifest.xml:37:8-58
	android:name
		ADDED from src/main/AndroidManifest.xml:36:19-74
activity#es.pymasde.blueterm.DeviceListActivity
ADDED from src/main/AndroidManifest.xml:43:9-46:72
	android:label
		ADDED from src/main/AndroidManifest.xml:44:19-56
	android:configChanges
		ADDED from src/main/AndroidManifest.xml:46:19-69
	android:theme
		ADDED from src/main/AndroidManifest.xml:45:19-62
	android:name
		ADDED from src/main/AndroidManifest.xml:43:19-72
activity#org.wikispeedia.roadrage2.TermPreferences
ADDED from src/main/AndroidManifest.xml:47:9-51
	android:name
		ADDED from src/main/AndroidManifest.xml:47:19-49
activity#org.wikispeedia.backseatdriver.Translate
ADDED from src/main/AndroidManifest.xml:52:9-55:20
	android:label
		ADDED from src/main/AndroidManifest.xml:53:10-49
	android:theme
		ADDED from src/main/AndroidManifest.xml:54:10-53
	android:name
		ADDED from src/main/AndroidManifest.xml:52:19-74
activity#org.wikispeedia.backseatdriver.Deleter
ADDED from src/main/AndroidManifest.xml:59:9-62:20
	android:label
		ADDED from src/main/AndroidManifest.xml:60:10-49
	android:theme
		ADDED from src/main/AndroidManifest.xml:61:10-53
	android:name
		ADDED from src/main/AndroidManifest.xml:59:19-72
activity#org.wikispeedia.backseatdriver.Settings
ADDED from src/main/AndroidManifest.xml:65:9-70:20
	android:screenOrientation
		ADDED from src/main/AndroidManifest.xml:67:7-44
	android:label
		ADDED from src/main/AndroidManifest.xml:68:10-48
	android:configChanges
		ADDED from src/main/AndroidManifest.xml:66:13-63
	android:theme
		ADDED from src/main/AndroidManifest.xml:69:10-53
	android:name
		ADDED from src/main/AndroidManifest.xml:65:19-73
activity#es.pymasde.blueterm.BlueTerm
ADDED from src/main/AndroidManifest.xml:74:9-77:20
	android:label
		ADDED from src/main/AndroidManifest.xml:75:10-48
	android:theme
		ADDED from src/main/AndroidManifest.xml:76:10-53
	android:name
		ADDED from src/main/AndroidManifest.xml:74:19-62
supports-screens
ADDED from src/main/AndroidManifest.xml:84:5-88:51
	android:largeScreens
		ADDED from src/main/AndroidManifest.xml:87:23-50
	android:smallScreens
		ADDED from src/main/AndroidManifest.xml:85:23-50
	android:normalScreens
		ADDED from src/main/AndroidManifest.xml:86:23-51
	android:resizeable
		ADDED from src/main/AndroidManifest.xml:84:23-48
	android:anyDensity
		ADDED from src/main/AndroidManifest.xml:88:23-48
uses-permission#android.permission.INTERNET
ADDED from src/main/AndroidManifest.xml:91:5-67
	android:name
		ADDED from src/main/AndroidManifest.xml:91:22-64
uses-permission#android.permission.ACCESS_NETWORK_STATE
ADDED from src/main/AndroidManifest.xml:92:5-79
	android:name
		ADDED from src/main/AndroidManifest.xml:92:22-76
uses-permission#android.permission.CAMERA
ADDED from src/main/AndroidManifest.xml:96:5-64
	android:name
		ADDED from src/main/AndroidManifest.xml:96:22-62
uses-feature#android.hardware.camera
ADDED from src/main/AndroidManifest.xml:98:5-84
	android:required
		ADDED from src/main/AndroidManifest.xml:98:58-82
	android:name
		ADDED from src/main/AndroidManifest.xml:98:19-57
uses-feature#android.hardware.camera.autofocus
ADDED from src/main/AndroidManifest.xml:99:5-94
	android:required
		ADDED from src/main/AndroidManifest.xml:99:68-92
	android:name
		ADDED from src/main/AndroidManifest.xml:99:19-67
uses-feature#android.hardware.camera.front
ADDED from src/main/AndroidManifest.xml:100:5-90
	android:required
		ADDED from src/main/AndroidManifest.xml:100:64-88
	android:name
		ADDED from src/main/AndroidManifest.xml:100:19-63
uses-feature#android.hardware.camera.front.autofocus
ADDED from src/main/AndroidManifest.xml:101:5-100
	android:required
		ADDED from src/main/AndroidManifest.xml:101:74-98
	android:name
		ADDED from src/main/AndroidManifest.xml:101:19-73
uses-permission#android.permission.ACCESS_FINE_LOCATION
ADDED from src/main/AndroidManifest.xml:104:1-91
	android:name
		ADDED from src/main/AndroidManifest.xml:104:18-72
uses-permission#android.permission.ACCESS_COARSE_LOCATION
ADDED from src/main/AndroidManifest.xml:106:1-93
	android:name
		ADDED from src/main/AndroidManifest.xml:106:18-74
uses-permission#android.permission.WRITE_EXTERNAL_STORAGE
ADDED from src/main/AndroidManifest.xml:107:1-93
	android:name
		ADDED from src/main/AndroidManifest.xml:107:18-74
uses-permission#android.permission.READ_EXTERNAL_STORAGE
ADDED from src/main/AndroidManifest.xml:108:1-92
	android:name
		ADDED from src/main/AndroidManifest.xml:108:18-73
uses-permission#android.permission.BLUETOOTH_ADMIN
ADDED from src/main/AndroidManifest.xml:110:6-75
	android:name
		ADDED from src/main/AndroidManifest.xml:110:23-72
uses-permission#android.permission.BLUETOOTH
ADDED from src/main/AndroidManifest.xml:111:5-68
	android:name
		ADDED from src/main/AndroidManifest.xml:111:22-65
uses-sdk
ADDED from src/main/AndroidManifest.xml:114:5-44
MERGED from [ActivitySwitching113:openCVLibrary249:unspecified] AndroidManifest.xml:7:5-9:41
	android:targetSdkVersion
		INJECTED from src/main/AndroidManifest.xml
		INJECTED from src/main/AndroidManifest.xml
	android:minSdkVersion
		ADDED from src/main/AndroidManifest.xml:114:15-41
		INJECTED from src/main/AndroidManifest.xml
		INJECTED from src/main/AndroidManifest.xml